<?xml version="1.0" encoding="UTF-8"?>
<!-- Generated by org.testng.reporters.JUnitReportReporter -->
<testsuite hostname="LAPTOP-1P4OD8CL" failures="0" tests="1" name="functions.checking" time="11.980" errors="0" timestamp="2022-11-28T09:46:18 IST" skipped="0">
  <testcase classname="functions.checking" name="check" time="11.980"/>
  <system-out/>
</testsuite> <!-- functions.checking -->
