<?xml version="1.0" encoding="UTF-8"?>
<!-- Generated by org.testng.reporters.JUnitReportReporter -->
<testsuite hostname="LAPTOP-1P4OD8CL" failures="0" tests="2" name="utils.Base" time="5.993" errors="0" timestamp="2022-11-24T09:42:57 IST" skipped="0">
  <testcase classname="utils.Base" name="openapp" time="5.836"/>
  <system-out/>
  <testcase classname="utils.Base" name="closeapp" time="0.157"/>
  <system-out/>
</testsuite> <!-- utils.Base -->
