<?xml version="1.0" encoding="UTF-8"?>
<!-- Generated by org.testng.reporters.JUnitReportReporter -->
<testsuite hostname="LAPTOP-1P4OD8CL" failures="0" tests="1" name="functions.Todaydeails" time="22.084" errors="0" timestamp="2022-11-28T08:02:22 IST" skipped="0">
  <testcase classname="functions.Todaydeails" name="dealsoftheday" time="22.084"/>
  <system-out/>
</testsuite> <!-- functions.Todaydeails -->
