<?xml version="1.0" encoding="UTF-8"?>
<!-- Generated by org.testng.reporters.JUnitReportReporter -->
<testsuite hostname="LAPTOP-1P4OD8CL" failures="0" tests="2" name="utils.reusables" time="5.964" errors="0" timestamp="2022-11-20T09:59:11 IST" skipped="0">
  <testcase classname="utils.reusables" name="openapp" time="5.655"/>
  <system-out/>
  <testcase classname="utils.reusables" name="closeapp" time="0.309"/>
  <system-out/>
</testsuite> <!-- utils.reusables -->
