<?xml version="1.0" encoding="UTF-8"?>
<!-- Generated by org.testng.reporters.JUnitReportReporter -->
<testsuite hostname="LAPTOP-1P4OD8CL" failures="0" tests="1" name="functions.Todaydeails" time="7.567" errors="0" timestamp="2023-03-25T14:18:13 IST" skipped="0">
  <testcase classname="functions.Todaydeails" name="dealsoftheday" time="7.567"/>
  <system-out/>
</testsuite> <!-- functions.Todaydeails -->
