<?xml version="1.0" encoding="UTF-8"?>
<!-- Generated by org.testng.reporters.JUnitReportReporter -->
<testsuite hostname="LAPTOP-1P4OD8CL" failures="0" tests="1" name="functions.search1" time="24.105" errors="0" timestamp="2022-11-28T09:29:48 IST" skipped="0">
  <testcase classname="functions.search1" name="search" time="24.105"/>
  <system-out/>
</testsuite> <!-- functions.search1 -->
