<?xml version="1.0" encoding="UTF-8"?>
<!-- Generated by org.testng.reporters.JUnitReportReporter -->
<testsuite hostname="LAPTOP-1P4OD8CL" failures="0" tests="1" name="functions.checking" time="4.898" errors="0" timestamp="2023-03-25T14:18:13 IST" skipped="0">
  <testcase classname="functions.checking" name="check" time="4.898"/>
  <system-out/>
</testsuite> <!-- functions.checking -->
